<?xml version="1.0" encoding="UTF-8"?>
<!-- Generated by org.testng.reporters.JUnitReportReporter -->
<testsuite hostname="DESKTOP-KFF6RM1" failures="0" tests="4" name="coid.nexsoft.app.runner.TestCalculator" time="14.399" errors="0" timestamp="2022-09-23T15:05:39 ICT" skipped="0">
  <testcase classname="coid.nexsoft.app.runner.TestCalculator" name="testAdd" time="3.747"/>
  <system-out/>
  <testcase classname="coid.nexsoft.app.runner.TestCalculator" name="testMul" time="3.519"/>
  <system-out/>
  <testcase classname="coid.nexsoft.app.runner.TestCalculator" name="testEq" time="3.454"/>
  <system-out/>
  <testcase classname="coid.nexsoft.app.runner.TestCalculator" name="testdiv" time="3.679"/>
  <system-out/>
</testsuite> <!-- coid.nexsoft.app.runner.TestCalculator -->
